Arguments: 
  /home/eamrhein/.nvm/versions/node/v12.13.0/bin/node /home/eamrhein/.yarn/bin/yarn.js

PATH: 
  /home/eamrhein/.pyenv/plugins/pyenv-virtualenv/shims:/home/eamrhein/.pyenv/shims:/home/eamrhein/.pyenv/bin:/home/eamrhein/.rbenv/shims:/home/eamrhein/.rbenv/bin:/home/eamrhein/.yarn/bin:/home/eamrhein/.config/yarn/global/node_modules/.bin:/home/eamrhein/.nvm/versions/node/v12.13.0/bin:/usr/local/bin:/usr/bin:/bin:/usr/local/sbin:/opt/android-sdk/tools:/opt/android-sdk/tools/bin:/usr/lib/jvm/default/bin:/usr/bin/site_perl:/usr/bin/vendor_perl:/usr/bin/core_perl:/home/eamrhein/.fzf/bin

Yarn version: 
  1.22.0

Node version: 
  12.13.0

Platform: 
  linux x64

Trace: 
  SyntaxError: /home/eamrhein/EventTool/client/package.json: Unexpected token } in JSON at position 777
      at JSON.parse (<anonymous>)
      at /home/eamrhein/.yarn/lib/cli.js:1625:59
      at Generator.next (<anonymous>)
      at step (/home/eamrhein/.yarn/lib/cli.js:310:30)
      at /home/eamrhein/.yarn/lib/cli.js:321:13

npm manifest: 
  {
    "name": "client",
    "version": "0.1.0",
    "private": true,
    "dependencies": {
      "@apollo/react-hooks": "^3.1.3",
      "apollo-cache": "^1.3.4",
      "apollo-cache-inmemory": "^1.6.5",
      "apollo-client": "^2.6.8",
      "apollo-link": "^1.2.13",
      "apollo-link-error": "^1.1.12",
      "apollo-link-http": "^1.5.16",
      "apollo-link-state": "^0.4.2",
      "apollo-utilities": "^1.3.3",
      "core-js": "^3.6.4",
      "graphql": "^14.6.0",
      "graphql-tag": "^2.10.3",
      "graphql-tools": "^4.0.7",
      "grommet": "^2.11.1",
      "react": "^16.13.0",
      "react-apollo": "^3.1.3",
      "react-dom": "^16.13.0",
      "react-is": "^16.13.0",
      "react-router-dom": "^5.1.2",
      "react-scripts": "3.4.0",
      "react-spinners-kit": "^1.9.1",
      "styled-components": "^5.0.1",
    },
    "scripts": {
      "start": "react-scripts start",
      "build": "react-scripts build",
      "test": "react-scripts test",
      "eject": "react-scripts eject"
    },
    "eslintConfig": {
      "extends": "react-app"
    },
    "browserslist": {
      "production": [
        ">0.2%",
        "not dead",
        "not op_mini all"
      ],
      "development": [
        "last 1 chrome version",
        "last 1 firefox version",
        "last 1 safari version"
      ]
    },
    "devDependencies": {
      "eslint": "^6.8.0",
      "eslint-plugin-flowtype": "^3.13.0"
    }
  }

yarn manifest: 
  No manifest

Lockfile: 
  No lockfile
